2009-12-31 03:54:14 Debug: Notice (8): Undefined index:  Locker in [Z:\www\plugins\core\views\helpers\status.php, line 113]
2009-12-31 03:54:14 Debug: Notice (8): Undefined variable: jobNumber in [Z:\www\plugins\core\controllers\components\cron.php, line 343]
2009-12-31 03:54:14 Debug: Notice (8): Undefined index:   in [Z:\www\plugins\core\controllers\components\cron.php, line 343]
2009-12-31 03:54:14 Debug: Notice (8): Undefined variable: jobNumber in [Z:\www\plugins\core\controllers\components\cron.php, line 344]
2009-12-31 03:54:14 Debug: Notice (8): Undefined offset:  1 in [Z:\www\plugins\core\controllers\components\cron.php, line 273]
2009-12-31 03:54:15 Debug: Notice (8): Undefined offset:  2 in [Z:\www\plugins\core\controllers\components\cron.php, line 274]
2009-12-31 03:54:15 Debug: Notice (8): Undefined offset:  3 in [Z:\www\plugins\core\controllers\components\cron.php, line 275]
2009-12-31 03:54:15 Debug: Notice (8): Undefined offset:  4 in [Z:\www\plugins\core\controllers\components\cron.php, line 276]
2009-12-31 03:54:15 Debug: Notice (8): Undefined offset:  5 in [Z:\www\plugins\core\controllers\components\cron.php, line 277]
2009-12-31 03:54:15 Debug: Notice (8): Undefined offset:  7 in [Z:\www\plugins\core\controllers\components\cron.php, line 279]
2009-12-31 03:54:15 Debug: Notice (8): Undefined offset:  4 in [Z:\www\plugins\core\controllers\components\cron.php, line 254]
2009-12-31 03:54:15 Debug: Notice (8): Undefined offset:  5 in [Z:\www\plugins\core\controllers\components\cron.php, line 258]
2009-12-31 03:54:16 Debug: Notice (8): Use of undefined constant CRON_INTERVAL - assumed 'CRON_INTERVAL' in [Z:\www\plugins\core\controllers\components\cron.php, line 402]
2009-12-31 03:54:16 Debug: Notice (8): Use of undefined constant CRON_INTERVAL - assumed 'CRON_INTERVAL' in [Z:\www\plugins\core\controllers\components\cron.php, line 405]
2009-12-31 04:27:14 Debug: Notice (8): Use of undefined constant CRON_INTERVAL - assumed 'CRON_INTERVAL' in [Z:\www\plugins\core\controllers\components\cron.php, line 402]
2009-12-31 04:27:14 Debug: Notice (8): Use of undefined constant CRON_INTERVAL - assumed 'CRON_INTERVAL' in [Z:\www\plugins\core\controllers\components\cron.php, line 405]
2009-12-31 04:27:18 Debug: Notice (8): Use of undefined constant CRON_INTERVAL - assumed 'CRON_INTERVAL' in [Z:\www\plugins\core\controllers\components\cron.php, line 402]
2009-12-31 04:27:18 Debug: Notice (8): Use of undefined constant CRON_INTERVAL - assumed 'CRON_INTERVAL' in [Z:\www\plugins\core\controllers\components\cron.php, line 405]
2009-12-31 04:28:27 Debug: Notice (8): Use of undefined constant CRON_INTERVAL - assumed 'CRON_INTERVAL' in [Z:\www\plugins\core\controllers\components\cron.php, line 402]
2009-12-31 04:28:27 Debug: Notice (8): Use of undefined constant CRON_INTERVAL - assumed 'CRON_INTERVAL' in [Z:\www\plugins\core\controllers\components\cron.php, line 405]
2009-12-31 04:28:44 Debug: Notice (8): Use of undefined constant CRON_INTERVAL - assumed 'CRON_INTERVAL' in [Z:\www\plugins\core\controllers\components\cron.php, line 402]
2009-12-31 04:28:44 Debug: Notice (8): Use of undefined constant CRON_INTERVAL - assumed 'CRON_INTERVAL' in [Z:\www\plugins\core\controllers\components\cron.php, line 405]
2009-12-31 10:19:31 Debug: Notice (8): Use of undefined constant CRON_INTERVAL - assumed 'CRON_INTERVAL' in [Z:\www\plugins\core\controllers\components\cron.php, line 402]
2009-12-31 10:19:31 Debug: Notice (8): Use of undefined constant CRON_INTERVAL - assumed 'CRON_INTERVAL' in [Z:\www\plugins\core\controllers\components\cron.php, line 405]
2009-12-31 10:19:31 Debug: Notice (8): Use of undefined constant CRON_INTERVAL - assumed 'CRON_INTERVAL' in [Z:\www\plugins\core\controllers\components\cron.php, line 402]
2009-12-31 10:19:31 Debug: Notice (8): Use of undefined constant CRON_INTERVAL - assumed 'CRON_INTERVAL' in [Z:\www\plugins\core\controllers\components\cron.php, line 405]
2009-12-31 10:52:43 Debug: Notice (8): Use of undefined constant CRON_INTERVAL - assumed 'CRON_INTERVAL' in [Z:\www\plugins\core\controllers\components\cron.php, line 402]
2009-12-31 10:52:43 Debug: Notice (8): Use of undefined constant CRON_INTERVAL - assumed 'CRON_INTERVAL' in [Z:\www\plugins\core\controllers\components\cron.php, line 405]
2009-12-31 11:18:18 Debug: Notice (8): Use of undefined constant CRON_INTERVAL - assumed 'CRON_INTERVAL' in [Z:\www\plugins\core\controllers\components\cron.php, line 402]
2009-12-31 11:18:18 Debug: Notice (8): Use of undefined constant CRON_INTERVAL - assumed 'CRON_INTERVAL' in [Z:\www\plugins\core\controllers\components\cron.php, line 405]
